Build started 4/12/2013 6:36:31 PM.
     1>Project "C:\Documents and Settings\Administrator.ESUMSROBOTICSLA\Desktop\slendy\ShootSlenderMan\ShootSlenderMan.vcxproj" on node 2 (rebuild target(s)).
     1>_PrepareForClean:
         Deleting file "Debug\ShootSlenderMan.lastbuildstate".
       InitializeBuildStatus:
         Creating "Debug\ShootSlenderMan.unsuccessfulbuild" because "AlwaysCreate" was specified.
       ClCompile:
         C:\Program Files\Microsoft Visual Studio 10.0\VC\bin\CL.exe /c /ZI /nologo /W3 /WX- /Od /Oy- /D _MBCS /Gm /EHsc /RTC1 /MDd /GS /fp:precise /Zc:wchar_t /Zc:forScope /Fo"Debug\\" /Fd"Debug\vc100.pdb" /Gd /TP /analyze- /errorReport:prompt controlWindows.cpp main.cpp
         main.cpp
     1>c:\documents and settings\administrator.esumsroboticsla\desktop\slendy\shootslenderman\calctools.h(76): warning C4244: '=' : conversion from 'double' to 'int', possible loss of data
     1>c:\documents and settings\administrator.esumsroboticsla\desktop\slendy\shootslenderman\calctools.h(89): warning C4018: '<' : signed/unsigned mismatch
     1>c:\documents and settings\administrator.esumsroboticsla\desktop\slendy\shootslenderman\main.cpp(82): warning C4996: 'getch': The POSIX name for this item is deprecated. Instead, use the ISO C++ conformant name: _getch. See online help for details.
                 c:\program files\microsoft visual studio 10.0\vc\include\conio.h(128) : see declaration of 'getch'
         controlWindows.cpp
     1>c:\documents and settings\administrator.esumsroboticsla\desktop\slendy\shootslenderman\controlwindows.cpp(50): warning C4018: '<' : signed/unsigned mismatch
     1>c:\documents and settings\administrator.esumsroboticsla\desktop\slendy\shootslenderman\controlwindows.cpp(73): warning C4018: '<' : signed/unsigned mismatch
         Generating Code...
       Link:
         C:\Program Files\Microsoft Visual Studio 10.0\VC\bin\link.exe /ERRORREPORT:PROMPT /OUT:"C:\Documents and Settings\Administrator.ESUMSROBOTICSLA\Desktop\slendy\Debug\ShootSlenderMan.exe" /NOLOGO winmm.lib kernel32.lib user32.lib gdi32.lib winspool.lib comdlg32.lib advapi32.lib shell32.lib ole32.lib oleaut32.lib uuid.lib odbc32.lib odbccp32.lib /MANIFEST /ManifestFile:"Debug\ShootSlenderMan.exe.intermediate.manifest" /MANIFESTUAC:"level='asInvoker' uiAccess='false'" /DEBUG /PDB:"C:\Documents and Settings\Administrator.ESUMSROBOTICSLA\Desktop\slendy\Debug\ShootSlenderMan.pdb" /TLBID:1 /DYNAMICBASE /NXCOMPAT /IMPLIB:"C:\Documents and Settings\Administrator.ESUMSROBOTICSLA\Desktop\slendy\Debug\ShootSlenderMan.lib" /MACHINE:X86 Debug\controlWindows.obj
         Debug\main.obj
         ShootSlenderMan.vcxproj -> C:\Documents and Settings\Administrator.ESUMSROBOTICSLA\Desktop\slendy\Debug\ShootSlenderMan.exe
       Manifest:
         C:\Program Files\Microsoft SDKs\Windows\v7.0A\bin\mt.exe /nologo /verbose /outputresource:"C:\Documents and Settings\Administrator.ESUMSROBOTICSLA\Desktop\slendy\Debug\ShootSlenderMan.exe;#1" /manifest Debug\ShootSlenderMan.exe.intermediate.manifest
       FinalizeBuildStatus:
         Deleting file "Debug\ShootSlenderMan.unsuccessfulbuild".
         Touching "Debug\ShootSlenderMan.lastbuildstate".
     1>Done Building Project "C:\Documents and Settings\Administrator.ESUMSROBOTICSLA\Desktop\slendy\ShootSlenderMan\ShootSlenderMan.vcxproj" (rebuild target(s)).

Build succeeded.

Time Elapsed 00:00:04.98
