C:\DOCUMENTS AND SETTINGS\ADMINISTRATOR.ESUMSROBOTICSLA\DESKTOP\SLENDY\DEBUG\SHOOTSLENDERMAN.EXE
C:\DOCUMENTS AND SETTINGS\ADMINISTRATOR.ESUMSROBOTICSLA\DESKTOP\SLENDY\DEBUG\SHOOTSLENDERMAN.ILK
C:\DOCUMENTS AND SETTINGS\ADMINISTRATOR.ESUMSROBOTICSLA\DESKTOP\SLENDY\DEBUG\SHOOTSLENDERMAN.PDB
C:\Documents and Settings\Administrator.ESUMSROBOTICSLA\Desktop\slendy\ShootSlenderMan\Debug\cl.command.1.tlog
C:\Documents and Settings\Administrator.ESUMSROBOTICSLA\Desktop\slendy\ShootSlenderMan\Debug\CL.read.1.tlog
C:\Documents and Settings\Administrator.ESUMSROBOTICSLA\Desktop\slendy\ShootSlenderMan\Debug\CL.write.1.tlog
C:\DOCUMENTS AND SETTINGS\ADMINISTRATOR.ESUMSROBOTICSLA\DESKTOP\SLENDY\SHOOTSLENDERMAN\DEBUG\CONTROLWINDOWS.OBJ
C:\Documents and Settings\Administrator.ESUMSROBOTICSLA\Desktop\slendy\ShootSlenderMan\Debug\link.command.1.tlog
C:\Documents and Settings\Administrator.ESUMSROBOTICSLA\Desktop\slendy\ShootSlenderMan\Debug\link.read.1.tlog
C:\Documents and Settings\Administrator.ESUMSROBOTICSLA\Desktop\slendy\ShootSlenderMan\Debug\link.write.1.tlog
C:\DOCUMENTS AND SETTINGS\ADMINISTRATOR.ESUMSROBOTICSLA\DESKTOP\SLENDY\SHOOTSLENDERMAN\DEBUG\MAIN.OBJ
C:\Documents and Settings\Administrator.ESUMSROBOTICSLA\Desktop\slendy\ShootSlenderMan\Debug\mt.command.1.tlog
C:\Documents and Settings\Administrator.ESUMSROBOTICSLA\Desktop\slendy\ShootSlenderMan\Debug\mt.read.1.tlog
C:\Documents and Settings\Administrator.ESUMSROBOTICSLA\Desktop\slendy\ShootSlenderMan\Debug\mt.write.1.tlog
C:\DOCUMENTS AND SETTINGS\ADMINISTRATOR.ESUMSROBOTICSLA\DESKTOP\SLENDY\SHOOTSLENDERMAN\DEBUG\SHOOTSLENDERMAN.EXE.INTERMEDIATE.MANIFEST
C:\Documents and Settings\Administrator.ESUMSROBOTICSLA\Desktop\slendy\ShootSlenderMan\Debug\ShootSlenderMan.vcxprojResolveAssemblyReference.cache
C:\Documents and Settings\Administrator.ESUMSROBOTICSLA\Desktop\slendy\ShootSlenderMan\Debug\ShootSlenderMan.write.1.tlog
C:\Documents and Settings\Administrator.ESUMSROBOTICSLA\Desktop\slendy\ShootSlenderMan\Debug\vc100.idb
C:\DOCUMENTS AND SETTINGS\ADMINISTRATOR.ESUMSROBOTICSLA\DESKTOP\SLENDY\SHOOTSLENDERMAN\DEBUG\VC100.PDB
C:\USERS\NEELAM\DOCUMENTS\VISUAL STUDIO 2010\PROJECTS\SHOOTSLENDERMAN\DEBUG\SHOOTSLENDERMAN.EXE
C:\USERS\NEELAM\DOCUMENTS\VISUAL STUDIO 2010\PROJECTS\SHOOTSLENDERMAN\DEBUG\SHOOTSLENDERMAN.ILK
C:\USERS\NEELAM\DOCUMENTS\VISUAL STUDIO 2010\PROJECTS\SHOOTSLENDERMAN\DEBUG\SHOOTSLENDERMAN.PDB
C:\USERS\NEELAM\DOCUMENTS\VISUAL STUDIO 2010\PROJECTS\SHOOTSLENDERMAN\SHOOTSLENDERMAN\DEBUG\CONTROLWINDOWS.OBJ
C:\USERS\NEELAM\DOCUMENTS\VISUAL STUDIO 2010\PROJECTS\SHOOTSLENDERMAN\SHOOTSLENDERMAN\DEBUG\MAIN.OBJ
C:\USERS\NEELAM\DOCUMENTS\VISUAL STUDIO 2010\PROJECTS\SHOOTSLENDERMAN\SHOOTSLENDERMAN\DEBUG\SHOOTSLENDERMAN.EXE.INTERMEDIATE.MANIFEST
C:\USERS\NEELAM\DOCUMENTS\VISUAL STUDIO 2010\PROJECTS\SHOOTSLENDERMAN\SHOOTSLENDERMAN\DEBUG\VC100.PDB
