Build started 4/14/2013 1:17:59 PM.
     1>Project "C:\Documents and Settings\Administrator.ESUMSROBOTICSLA\Desktop\slendy\ShootSlenderMan\ShootSlenderMan.vcxproj" on node 2 (build target(s)).
     1>InitializeBuildStatus:
         Creating "Release\ShootSlenderMan.unsuccessfulbuild" because "AlwaysCreate" was specified.
       ClCompile:
         C:\Program Files\Microsoft Visual Studio 10.0\VC\bin\CL.exe /c /Zi /nologo /W3 /WX- /O2 /Oi /Oy- /GL /D _MBCS /Gm- /EHsc /MD /GS /Gy /fp:precise /Zc:wchar_t /Zc:forScope /Fo"Release\\" /Fd"Release\vc100.pdb" /Gd /TP /analyze- /errorReport:prompt controlWindows.cpp main.cpp
         controlWindows.cpp
     1>controlWindows.cpp(50): warning C4018: '<' : signed/unsigned mismatch
     1>controlWindows.cpp(73): warning C4018: '<' : signed/unsigned mismatch
         main.cpp
     1>c:\documents and settings\administrator.esumsroboticsla\desktop\slendy\shootslenderman\calctools.h(76): warning C4244: '=' : conversion from 'double' to 'int', possible loss of data
     1>c:\documents and settings\administrator.esumsroboticsla\desktop\slendy\shootslenderman\calctools.h(89): warning C4018: '<' : signed/unsigned mismatch
     1>main.cpp(111): warning C4996: 'getch': The POSIX name for this item is deprecated. Instead, use the ISO C++ conformant name: _getch. See online help for details.
                 C:\Program Files\Microsoft Visual Studio 10.0\VC\include\conio.h(128) : see declaration of 'getch'
       Link:
         C:\Program Files\Microsoft Visual Studio 10.0\VC\bin\link.exe /ERRORREPORT:PROMPT /OUT:"C:\Documents and Settings\Administrator.ESUMSROBOTICSLA\Desktop\slendy\Release\ShootSlenderMan.exe" /NOLOGO winmm.lib kernel32.lib user32.lib gdi32.lib winspool.lib comdlg32.lib advapi32.lib shell32.lib ole32.lib oleaut32.lib uuid.lib odbc32.lib odbccp32.lib /MANIFEST /ManifestFile:"Release\ShootSlenderMan.exe.intermediate.manifest" /MANIFESTUAC:"level='asInvoker' uiAccess='false'" /DEBUG /PDB:"C:\Documents and Settings\Administrator.ESUMSROBOTICSLA\Desktop\slendy\Release\ShootSlenderMan.pdb" /OPT:REF /OPT:ICF /LTCG /TLBID:1 /DYNAMICBASE /NXCOMPAT /IMPLIB:"C:\Documents and Settings\Administrator.ESUMSROBOTICSLA\Desktop\slendy\Release\ShootSlenderMan.lib" /MACHINE:X86 Release\controlWindows.obj
         Release\main.obj
         Generating code
         Finished generating code
         ShootSlenderMan.vcxproj -> C:\Documents and Settings\Administrator.ESUMSROBOTICSLA\Desktop\slendy\Release\ShootSlenderMan.exe
       Manifest:
         C:\Program Files\Microsoft SDKs\Windows\v7.0A\bin\mt.exe /nologo /verbose /outputresource:"C:\Documents and Settings\Administrator.ESUMSROBOTICSLA\Desktop\slendy\Release\ShootSlenderMan.exe;#1" /manifest Release\ShootSlenderMan.exe.intermediate.manifest
       FinalizeBuildStatus:
         Deleting file "Release\ShootSlenderMan.unsuccessfulbuild".
         Touching "Release\ShootSlenderMan.lastbuildstate".
     1>Done Building Project "C:\Documents and Settings\Administrator.ESUMSROBOTICSLA\Desktop\slendy\ShootSlenderMan\ShootSlenderMan.vcxproj" (build target(s)).

Build succeeded.

Time Elapsed 00:00:06.70
